build/app/intermediates/manifest_merge_blame_file/debug/manifest-merger-blame-debug-report.txt
1<?xml version="1.0" encoding="utf-8"?>
2<manifest xmlns:android="http://schemas.android.com/apk/res/android"
3    package="com.example.employees"
4    android:versionCode="1"
5    android:versionName="1.0.0" >
6
7    <uses-sdk
8        android:minSdkVersion="19"
9        android:targetSdkVersion="31" />
10    <!--
11         The INTERNET permission is required for development. Specifically,
12         the Flutter tool needs it to communicate with the running application
13         to allow setting breakpoints, to provide hot reload, etc.
14    -->
15    <uses-permission android:name="android.permission.INTERNET" />
15-->src\debug\AndroidManifest.xml:7:5-66
15-->src\debug\AndroidManifest.xml:7:22-64
16    <!-- Although the *SdkVersion is captured in gradle build files, this is required for non gradle builds -->
17    <!-- <uses-sdk android:minSdkVersion="14" /> -->
18    <uses-permission android:name="android.permission.ACCESS_NETWORK_STATE" />
18-->[com.google.firebase:firebase-firestore:24.4.0] AndroidManifest.xml:12:5-79
18-->[com.google.firebase:firebase-firestore:24.4.0] AndroidManifest.xml:12:22-76
19    <uses-permission android:name="android.permission.WAKE_LOCK" />
19-->[com.google.android.gms:play-services-measurement-api:21.2.0] AndroidManifest.xml:24:5-68
19-->[com.google.android.gms:play-services-measurement-api:21.2.0] AndroidManifest.xml:24:22-65
20    <uses-permission android:name="com.google.android.gms.permission.AD_ID" />
20-->[com.google.android.gms:play-services-measurement-api:21.2.0] AndroidManifest.xml:25:5-79
20-->[com.google.android.gms:play-services-measurement-api:21.2.0] AndroidManifest.xml:25:22-76
21    <uses-permission android:name="com.google.android.finsky.permission.BIND_GET_INSTALL_REFERRER_SERVICE" />
21-->[com.google.android.gms:play-services-measurement:21.2.0] AndroidManifest.xml:26:5-110
21-->[com.google.android.gms:play-services-measurement:21.2.0] AndroidManifest.xml:26:22-107
22
23    <application
24        android:name="io.flutter.app.FlutterMultiDexApplication"
25        android:appComponentFactory="androidx.core.app.CoreComponentFactory"
25-->[androidx.core:core:1.6.0] AndroidManifest.xml:24:18-86
26        android:debuggable="true"
27        android:icon="@mipmap/ic_launcher"
28        android:label="employees" >
29        <activity
30            android:name="com.example.employees.MainActivity"
31            android:configChanges="orientation|keyboardHidden|keyboard|screenSize|smallestScreenSize|locale|layoutDirection|fontScale|screenLayout|density|uiMode"
32            android:exported="true"
33            android:hardwareAccelerated="true"
34            android:launchMode="singleTop"
35            android:theme="@style/LaunchTheme"
36            android:windowSoftInputMode="adjustResize" >
37
38            <!--
39                 Specifies an Android theme to apply to this Activity as soon as
40                 the Android process has started. This theme is visible to the user
41                 while the Flutter UI initializes. After that, this theme continues
42                 to determine the Window background behind the Flutter UI.
43            -->
44            <meta-data
45                android:name="io.flutter.embedding.android.NormalTheme"
46                android:resource="@style/NormalTheme" />
47
48            <intent-filter>
49                <action android:name="android.intent.action.MAIN" />
50
51                <category android:name="android.intent.category.LAUNCHER" />
52            </intent-filter>
53        </activity>
54        <!--
55             Don't delete the meta-data below.
56             This is used by the Flutter tool to generate GeneratedPluginRegistrant.java
57        -->
58        <meta-data
59            android:name="flutterEmbedding"
60            android:value="2" />
61
62        <service
62-->[:firebase_database] AndroidManifest.xml:10:9-14:19
63            android:name="com.google.firebase.components.ComponentDiscoveryService"
63-->[:firebase_database] AndroidManifest.xml:10:18-89
64            android:directBootAware="true"
64-->[com.google.firebase:firebase-common:20.2.0] AndroidManifest.xml:34:13-43
65            android:exported="false" >
65-->[com.google.firebase:firebase-firestore:24.4.0] AndroidManifest.xml:18:13-37
66            <meta-data
66-->[:firebase_database] AndroidManifest.xml:11:13-13:85
67                android:name="com.google.firebase.components:io.flutter.plugins.firebase.database.FlutterFirebaseAppRegistrar"
67-->[:firebase_database] AndroidManifest.xml:12:17-127
68                android:value="com.google.firebase.components.ComponentRegistrar" />
68-->[:firebase_database] AndroidManifest.xml:13:17-82
69            <meta-data
69-->[:cloud_firestore] AndroidManifest.xml:11:13-13:85
70                android:name="com.google.firebase.components:io.flutter.plugins.firebase.firestore.FlutterFirebaseFirestoreRegistrar"
70-->[:cloud_firestore] AndroidManifest.xml:12:17-134
71                android:value="com.google.firebase.components.ComponentRegistrar" />
71-->[:cloud_firestore] AndroidManifest.xml:13:17-82
72            <meta-data
72-->[:firebase_core] AndroidManifest.xml:11:13-13:85
73                android:name="com.google.firebase.components:io.flutter.plugins.firebase.core.FlutterFirebaseCoreRegistrar"
73-->[:firebase_core] AndroidManifest.xml:12:17-124
74                android:value="com.google.firebase.components.ComponentRegistrar" />
74-->[:firebase_core] AndroidManifest.xml:13:17-82
75            <meta-data
75-->[com.google.firebase:firebase-firestore:24.4.0] AndroidManifest.xml:19:13-21:85
76                android:name="com.google.firebase.components:com.google.firebase.firestore.FirestoreRegistrar"
76-->[com.google.firebase:firebase-firestore:24.4.0] AndroidManifest.xml:20:17-111
77                android:value="com.google.firebase.components.ComponentRegistrar" />
77-->[com.google.firebase:firebase-firestore:24.4.0] AndroidManifest.xml:21:17-82
78            <meta-data
78-->[com.google.firebase:firebase-database:20.1.0] AndroidManifest.xml:31:13-33:85
79                android:name="com.google.firebase.components:com.google.firebase.database.DatabaseRegistrar"
79-->[com.google.firebase:firebase-database:20.1.0] AndroidManifest.xml:32:17-109
80                android:value="com.google.firebase.components.ComponentRegistrar" />
80-->[com.google.firebase:firebase-database:20.1.0] AndroidManifest.xml:33:17-82
81            <meta-data
81-->[com.google.android.gms:play-services-measurement-api:21.2.0] AndroidManifest.xml:31:13-33:85
82                android:name="com.google.firebase.components:com.google.firebase.analytics.connector.internal.AnalyticsConnectorRegistrar"
82-->[com.google.android.gms:play-services-measurement-api:21.2.0] AndroidManifest.xml:32:17-139
83                android:value="com.google.firebase.components.ComponentRegistrar" />
83-->[com.google.android.gms:play-services-measurement-api:21.2.0] AndroidManifest.xml:33:17-82
84            <meta-data
84-->[com.google.firebase:firebase-installations:17.1.0] AndroidManifest.xml:17:13-19:85
85                android:name="com.google.firebase.components:com.google.firebase.installations.FirebaseInstallationsRegistrar"
85-->[com.google.firebase:firebase-installations:17.1.0] AndroidManifest.xml:18:17-127
86                android:value="com.google.firebase.components.ComponentRegistrar" />
86-->[com.google.firebase:firebase-installations:17.1.0] AndroidManifest.xml:19:17-82
87        </service>
88
89        <uses-library
89-->[androidx.window:window:1.0.0-beta04] AndroidManifest.xml:25:9-27:40
90            android:name="androidx.window.extensions"
90-->[androidx.window:window:1.0.0-beta04] AndroidManifest.xml:26:13-54
91            android:required="false" />
91-->[androidx.window:window:1.0.0-beta04] AndroidManifest.xml:27:13-37
92        <uses-library
92-->[androidx.window:window:1.0.0-beta04] AndroidManifest.xml:28:9-30:40
93            android:name="androidx.window.sidecar"
93-->[androidx.window:window:1.0.0-beta04] AndroidManifest.xml:29:13-51
94            android:required="false" />
94-->[androidx.window:window:1.0.0-beta04] AndroidManifest.xml:30:13-37
95
96        <provider
96-->[com.google.firebase:firebase-common:20.2.0] AndroidManifest.xml:25:9-30:39
97            android:name="com.google.firebase.provider.FirebaseInitProvider"
97-->[com.google.firebase:firebase-common:20.2.0] AndroidManifest.xml:26:13-77
98            android:authorities="com.example.employees.firebaseinitprovider"
98-->[com.google.firebase:firebase-common:20.2.0] AndroidManifest.xml:27:13-72
99            android:directBootAware="true"
99-->[com.google.firebase:firebase-common:20.2.0] AndroidManifest.xml:28:13-43
100            android:exported="false"
100-->[com.google.firebase:firebase-common:20.2.0] AndroidManifest.xml:29:13-37
101            android:initOrder="100" />
101-->[com.google.firebase:firebase-common:20.2.0] AndroidManifest.xml:30:13-36
102
103        <receiver
103-->[com.google.android.gms:play-services-measurement:21.2.0] AndroidManifest.xml:29:9-33:20
104            android:name="com.google.android.gms.measurement.AppMeasurementReceiver"
104-->[com.google.android.gms:play-services-measurement:21.2.0] AndroidManifest.xml:30:13-85
105            android:enabled="true"
105-->[com.google.android.gms:play-services-measurement:21.2.0] AndroidManifest.xml:31:13-35
106            android:exported="false" >
106-->[com.google.android.gms:play-services-measurement:21.2.0] AndroidManifest.xml:32:13-37
107        </receiver>
108
109        <service
109-->[com.google.android.gms:play-services-measurement:21.2.0] AndroidManifest.xml:35:9-38:40
110            android:name="com.google.android.gms.measurement.AppMeasurementService"
110-->[com.google.android.gms:play-services-measurement:21.2.0] AndroidManifest.xml:36:13-84
111            android:enabled="true"
111-->[com.google.android.gms:play-services-measurement:21.2.0] AndroidManifest.xml:37:13-35
112            android:exported="false" />
112-->[com.google.android.gms:play-services-measurement:21.2.0] AndroidManifest.xml:38:13-37
113        <service
113-->[com.google.android.gms:play-services-measurement:21.2.0] AndroidManifest.xml:39:9-43:72
114            android:name="com.google.android.gms.measurement.AppMeasurementJobService"
114-->[com.google.android.gms:play-services-measurement:21.2.0] AndroidManifest.xml:40:13-87
115            android:enabled="true"
115-->[com.google.android.gms:play-services-measurement:21.2.0] AndroidManifest.xml:41:13-35
116            android:exported="false"
116-->[com.google.android.gms:play-services-measurement:21.2.0] AndroidManifest.xml:42:13-37
117            android:permission="android.permission.BIND_JOB_SERVICE" />
117-->[com.google.android.gms:play-services-measurement:21.2.0] AndroidManifest.xml:43:13-69
118
119        <activity
119-->[com.google.android.gms:play-services-base:18.0.1] AndroidManifest.xml:20:9-22:45
120            android:name="com.google.android.gms.common.api.GoogleApiActivity"
120-->[com.google.android.gms:play-services-base:18.0.1] AndroidManifest.xml:20:19-85
121            android:exported="false"
121-->[com.google.android.gms:play-services-base:18.0.1] AndroidManifest.xml:22:19-43
122            android:theme="@android:style/Theme.Translucent.NoTitleBar" />
122-->[com.google.android.gms:play-services-base:18.0.1] AndroidManifest.xml:21:19-78
123
124        <meta-data
124-->[com.google.android.gms:play-services-basement:18.1.0] AndroidManifest.xml:21:9-23:69
125            android:name="com.google.android.gms.version"
125-->[com.google.android.gms:play-services-basement:18.1.0] AndroidManifest.xml:22:13-58
126            android:value="@integer/google_play_services_version" />
126-->[com.google.android.gms:play-services-basement:18.1.0] AndroidManifest.xml:23:13-66
127    </application>
128
129</manifest>